LINE ADDR CONTENTS SOURCE LINE
  1.              	.EQU KEYBOARD_STATUS, $000
  2.              	.EQU KEYBOARD_DATA, $001
  3.  000 020D00  	LDS# $D00	;set location
  4.  001 702000  typeloop:	INB KEYBOARD_STATUS	
  5.  002 4B2001  	JGE typeloop
  6.  003 702001  	INB KEYBOARD_DATA
  7.  004 FFF010  	PSHA
  8.  005 200064  	CMA# $064	;check for end of password
  9.  006 FFF038  	NOP
 10.  007 482009  	JEQ verify	;jump to verify spelling
 11.  008 402001  	JMP typeloop	;loop back
 12.  009 FFF013  verify: 	POPA		;load last letter typed
 13.  00A 200064  	CMA# $064	;check d
 14.  00B 4A2001  	JLT typeloop
 15.  00C 4D2001  	JGT typeloop
 16.  00D FFF013  	POPA
 17.  00E 200065  	CMA# $065	;check e
 18.  00F 4D2001  	JGT typeloop
 19.  010 4A2001  	JLT typeloop
 20.  011 FFF013  	POPA
 21.  012 20006E  	CMA# $06E	;check n
 22.  013 4D2001  	JGT typeloop
 23.  014 4A2001  	JLT typeloop
 24.  015 FFF013  	POPA
 25.  016 200077  	CMA# $077	;check w
 26.  017 4A2001  	JLT typeloop
 27.  018 4D2001  	JGT typeloop
 28.  019 FFF013  	POPA
 29.  01A 200070  	CMA# $070	;check p
 30.  01B 4D2001  	JGT typeloop
 31.  01C 4A2001  	JLT typeloop
 32.  01D FFF013  	POPA
 33.  01E 200074  	CMA# $074	;check t
 34.  01F 4D2001  	JGT typeloop
 35.  020 4A2001  	JLT typeloop
 36.  021 FFF013  	POPA
 37.  022 200065  	CMA# $065	;check e
 38.  023 4D2001  	JGT typeloop
 39.  024 4A2001  	JLT typeloop
 40.  025 FFF013  	POPA
 41.  026 200067  	CMA# $067	;check g
 42.  027 4D2001  	JGT typeloop
 43.  028 4A2001  	JLT typeloop
 44.  029 010000  	LDX# 0
 45.  02A 000000  erase:	LDA# $000
 46.  02B 044000  	STA+ 0
 47.  02C 110001  	ADX# $001
 48.  02D 21002B  	CMX# $02B
 49.  02E 4A202A  	JLT erase
 50.  02F FFFFFF  	HLT

                     SYMBOL TABLE CONTENTS

00002A = ERASE           000001 = KEYBOARD_DATA   000000 = KEYBOARD_STATUS 
000001 = TYPELOOP        000009 = VERIFY          